<?xml version="1.0" encoding="UTF-8"?>
<testng-results ignored="0" total="1" passed="1" failed="0" skipped="0">
  <reporter-output>
  </reporter-output>
  <suite started-at="2026-04-21T19:37:54 SAST" name="Default suite" finished-at="2026-04-21T19:37:54 SAST" duration-ms="91">
    <groups>
    </groups>
    <test started-at="2026-04-21T19:37:54 SAST" name="Default test" finished-at="2026-04-21T19:37:54 SAST" duration-ms="91">
      <class name="Excercise.testOne">
        <test-method signature="One()[pri:0, instance:Excercise.testOne@618b19ad]" started-at="2026-04-21T19:37:54 SAST" name="One" finished-at="2026-04-21T19:37:54 SAST" duration-ms="11" status="PASS">
          <reporter-output>
          </reporter-output>
        </test-method> <!-- One -->
      </class> <!-- Excercise.testOne -->
    </test> <!-- Default test -->
  </suite> <!-- Default suite -->
</testng-results>
